11:07:29.198 [DEBUG] [org.gradle.launcher.daemon.bootstrap.DaemonMain] Assuming the daemon was started with following jvm opts: [-XX:+HeapDumpOnOutOfMemoryError, -agentlib:jdwp=transport=dt_socket,server=n,suspend=y,address=53281, -Xmx1024m, -Dfile.encoding=GBK, -Duser.country=CN, -Duser.language=zh, -Duser.variant]
11:07:29.275 [DEBUG] [org.gradle.internal.nativeintegration.services.NativeServices] Native-platform posix files integration is not available. Continuing with fallback.
11:07:29.398 [INFO] [org.gradle.launcher.daemon.server.Daemon] start() called on daemon - DefaultDaemonContext[uid=f396f02f-acac-4721-a7e7-4630a7fe9f2e,javaHome=C:\Program Files\Java\jdk1.8.0_172,daemonRegistryDir=D:\android\android.git\.gradle\4.10.3\daemon,pid=47840,idleTimeout=10800000,daemonOpts=-XX:+HeapDumpOnOutOfMemoryError,-agentlib:jdwp=transport=dt_socket,server=n,suspend=y,address=53281,-Xmx1024m,-Dfile.encoding=GBK,-Duser.country=CN,-Duser.language=zh,-Duser.variant]
11:07:30.069 [DEBUG] [org.gradle.internal.remote.internal.inet.InetAddresses] Adding IP addresses for network interface Software Loopback Interface 1
11:07:30.073 [DEBUG] [org.gradle.internal.remote.internal.inet.InetAddresses] Is this a loopback interface? true
11:07:30.076 [DEBUG] [org.gradle.internal.remote.internal.inet.InetAddresses] Is this a multicast interface? true
11:07:30.077 [DEBUG] [org.gradle.internal.remote.internal.inet.InetAddresses] Adding loopback address /127.0.0.1
11:07:30.081 [DEBUG] [org.gradle.internal.remote.internal.inet.InetAddresses] Adding loopback address /0:0:0:0:0:0:0:1
11:07:30.081 [DEBUG] [org.gradle.internal.remote.internal.inet.InetAddresses] Adding loopback multicast interface Software Loopback Interface 1
11:07:30.081 [DEBUG] [org.gradle.internal.remote.internal.inet.InetAddresses] Adding IP addresses for network interface Microsoft Wi-Fi Direct Virtual Adapter #4
11:07:30.085 [DEBUG] [org.gradle.internal.remote.internal.inet.InetAddresses] Is this a loopback interface? false
11:07:30.087 [DEBUG] [org.gradle.internal.remote.internal.inet.InetAddresses] Is this a multicast interface? true
11:07:30.088 [DEBUG] [org.gradle.internal.remote.internal.inet.InetAddresses] Adding loopback multicast interface Microsoft Wi-Fi Direct Virtual Adapter #4
11:07:30.088 [DEBUG] [org.gradle.internal.remote.internal.inet.InetAddresses] Adding IP addresses for network interface Microsoft 6to4 Adapter
11:07:30.091 [DEBUG] [org.gradle.internal.remote.internal.inet.InetAddresses] Is this a loopback interface? false
11:07:30.094 [DEBUG] [org.gradle.internal.remote.internal.inet.InetAddresses] Is this a multicast interface? true
11:07:30.095 [DEBUG] [org.gradle.internal.remote.internal.inet.InetAddresses] Adding loopback multicast interface Microsoft 6to4 Adapter
11:07:30.095 [DEBUG] [org.gradle.internal.remote.internal.inet.InetAddresses] Adding IP addresses for network interface Microsoft Wi-Fi Direct Virtual Adapter #2
11:07:30.098 [DEBUG] [org.gradle.internal.remote.internal.inet.InetAddresses] Is this a loopback interface? false
11:07:30.101 [DEBUG] [org.gradle.internal.remote.internal.inet.InetAddresses] Is this a multicast interface? true
11:07:30.102 [DEBUG] [org.gradle.internal.remote.internal.inet.InetAddresses] Adding remote address /fe80:0:0:0:754d:1158:a136:1acf%wlan1
11:07:30.102 [DEBUG] [org.gradle.internal.remote.internal.inet.InetAddresses] Adding remote multicast interface Microsoft Wi-Fi Direct Virtual Adapter #2
11:07:30.102 [DEBUG] [org.gradle.internal.remote.internal.inet.InetAddresses] Adding IP addresses for network interface Microsoft Wi-Fi Direct Virtual Adapter #6
11:07:30.106 [DEBUG] [org.gradle.internal.remote.internal.inet.InetAddresses] Is this a loopback interface? false
11:07:30.109 [DEBUG] [org.gradle.internal.remote.internal.inet.InetAddresses] Is this a multicast interface? true
11:07:30.109 [DEBUG] [org.gradle.internal.remote.internal.inet.InetAddresses] Adding loopback multicast interface Microsoft Wi-Fi Direct Virtual Adapter #6
11:07:30.109 [DEBUG] [org.gradle.internal.remote.internal.inet.InetAddresses] Adding IP addresses for network interface Microsoft IP-HTTPS Platform Adapter
11:07:30.113 [DEBUG] [org.gradle.internal.remote.internal.inet.InetAddresses] Is this a loopback interface? false
11:07:30.116 [DEBUG] [org.gradle.internal.remote.internal.inet.InetAddresses] Is this a multicast interface? true
11:07:30.116 [DEBUG] [org.gradle.internal.remote.internal.inet.InetAddresses] Adding loopback multicast interface Microsoft IP-HTTPS Platform Adapter
11:07:30.116 [DEBUG] [org.gradle.internal.remote.internal.inet.InetAddresses] Adding IP addresses for network interface WAN Miniport (IP)
11:07:30.119 [DEBUG] [org.gradle.internal.remote.internal.inet.InetAddresses] Is this a loopback interface? false
11:07:30.124 [DEBUG] [org.gradle.internal.remote.internal.inet.InetAddresses] Is this a multicast interface? true
11:07:30.124 [DEBUG] [org.gradle.internal.remote.internal.inet.InetAddresses] Adding loopback multicast interface WAN Miniport (IP)
11:07:30.124 [DEBUG] [org.gradle.internal.remote.internal.inet.InetAddresses] Adding IP addresses for network interface Microsoft Wi-Fi Direct Virtual Adapter #5
11:07:30.128 [DEBUG] [org.gradle.internal.remote.internal.inet.InetAddresses] Is this a loopback interface? false
11:07:30.131 [DEBUG] [org.gradle.internal.remote.internal.inet.InetAddresses] Is this a multicast interface? true
11:07:30.132 [DEBUG] [org.gradle.internal.remote.internal.inet.InetAddresses] Adding loopback multicast interface Microsoft Wi-Fi Direct Virtual Adapter #5
11:07:30.132 [DEBUG] [org.gradle.internal.remote.internal.inet.InetAddresses] Adding IP addresses for network interface VMware Virtual Ethernet Adapter for VMnet8
11:07:30.136 [DEBUG] [org.gradle.internal.remote.internal.inet.InetAddresses] Is this a loopback interface? false
11:07:30.139 [DEBUG] [org.gradle.internal.remote.internal.inet.InetAddresses] Is this a multicast interface? true
11:07:30.140 [DEBUG] [org.gradle.internal.remote.internal.inet.InetAddresses] Adding remote address /192.168.255.1
11:07:30.140 [DEBUG] [org.gradle.internal.remote.internal.inet.InetAddresses] Adding remote address /fe80:0:0:0:9440:4ab1:d178:90f3%eth1
11:07:30.140 [DEBUG] [org.gradle.internal.remote.internal.inet.InetAddresses] Adding remote multicast interface VMware Virtual Ethernet Adapter for VMnet8
11:07:30.140 [DEBUG] [org.gradle.internal.remote.internal.inet.InetAddresses] Adding IP addresses for network interface Microsoft Wi-Fi Direct Virtual Adapter
11:07:30.143 [DEBUG] [org.gradle.internal.remote.internal.inet.InetAddresses] Is this a loopback interface? false
11:07:30.146 [DEBUG] [org.gradle.internal.remote.internal.inet.InetAddresses] Is this a multicast interface? true
11:07:30.147 [DEBUG] [org.gradle.internal.remote.internal.inet.InetAddresses] Adding remote address /fe80:0:0:0:9950:ad7b:c92a:2d80%wlan4
11:07:30.147 [DEBUG] [org.gradle.internal.remote.internal.inet.InetAddresses] Adding remote multicast interface Microsoft Wi-Fi Direct Virtual Adapter
11:07:30.147 [DEBUG] [org.gradle.internal.remote.internal.inet.InetAddresses] Adding IP addresses for network interface WAN Miniport (IKEv2)
11:07:30.150 [DEBUG] [org.gradle.internal.remote.internal.inet.InetAddresses] Is this a loopback interface? false
11:07:30.154 [DEBUG] [org.gradle.internal.remote.internal.inet.InetAddresses] Is this a multicast interface? true
11:07:30.154 [DEBUG] [org.gradle.internal.remote.internal.inet.InetAddresses] Adding loopback multicast interface WAN Miniport (IKEv2)
11:07:30.154 [DEBUG] [org.gradle.internal.remote.internal.inet.InetAddresses] Adding IP addresses for network interface WAN Miniport (L2TP)
11:07:30.157 [DEBUG] [org.gradle.internal.remote.internal.inet.InetAddresses] Is this a loopback interface? false
11:07:30.160 [DEBUG] [org.gradle.internal.remote.internal.inet.InetAddresses] Is this a multicast interface? true
11:07:30.161 [DEBUG] [org.gradle.internal.remote.internal.inet.InetAddresses] Adding loopback multicast interface WAN Miniport (L2TP)
11:07:30.161 [DEBUG] [org.gradle.internal.remote.internal.inet.InetAddresses] Adding IP addresses for network interface Bluetooth Device (Personal Area Network)
11:07:30.163 [DEBUG] [org.gradle.internal.remote.internal.inet.InetAddresses] Is this a loopback interface? false
11:07:30.167 [DEBUG] [org.gradle.internal.remote.internal.inet.InetAddresses] Is this a multicast interface? true
11:07:30.167 [DEBUG] [org.gradle.internal.remote.internal.inet.InetAddresses] Adding remote address /fe80:0:0:0:75f4:bbf6:3616:85b6%eth2
11:07:30.167 [DEBUG] [org.gradle.internal.remote.internal.inet.InetAddresses] Adding remote multicast interface Bluetooth Device (Personal Area Network)
11:07:30.168 [DEBUG] [org.gradle.internal.remote.internal.inet.InetAddresses] Adding IP addresses for network interface VMware Virtual Ethernet Adapter for VMnet1
11:07:30.171 [DEBUG] [org.gradle.internal.remote.internal.inet.InetAddresses] Is this a loopback interface? false
11:07:30.174 [DEBUG] [org.gradle.internal.remote.internal.inet.InetAddresses] Is this a multicast interface? true
11:07:30.175 [DEBUG] [org.gradle.internal.remote.internal.inet.InetAddresses] Adding remote address /192.168.254.1
11:07:30.175 [DEBUG] [org.gradle.internal.remote.internal.inet.InetAddresses] Adding remote address /fe80:0:0:0:b953:9792:a5d7:d9eb%eth3
11:07:30.175 [DEBUG] [org.gradle.internal.remote.internal.inet.InetAddresses] Adding remote multicast interface VMware Virtual Ethernet Adapter for VMnet1
11:07:30.175 [DEBUG] [org.gradle.internal.remote.internal.inet.InetAddresses] Adding IP addresses for network interface Qualcomm Atheros QCA9377 Wireless Network Adapter
11:07:30.179 [DEBUG] [org.gradle.internal.remote.internal.inet.InetAddresses] Is this a loopback interface? false
11:07:30.183 [DEBUG] [org.gradle.internal.remote.internal.inet.InetAddresses] Is this a multicast interface? true
11:07:30.183 [DEBUG] [org.gradle.internal.remote.internal.inet.InetAddresses] Adding remote address /fe80:0:0:0:98f9:29d6:ab33:2ce%wlan5
11:07:30.183 [DEBUG] [org.gradle.internal.remote.internal.inet.InetAddresses] Adding remote multicast interface Qualcomm Atheros QCA9377 Wireless Network Adapter
11:07:30.183 [DEBUG] [org.gradle.internal.remote.internal.inet.InetAddresses] Adding IP addresses for network interface WAN Miniport (Network Monitor)
11:07:30.187 [DEBUG] [org.gradle.internal.remote.internal.inet.InetAddresses] Is this a loopback interface? false
11:07:30.190 [DEBUG] [org.gradle.internal.remote.internal.inet.InetAddresses] Is this a multicast interface? true
11:07:30.191 [DEBUG] [org.gradle.internal.remote.internal.inet.InetAddresses] Adding loopback multicast interface WAN Miniport (Network Monitor)
11:07:30.191 [DEBUG] [org.gradle.internal.remote.internal.inet.InetAddresses] Adding IP addresses for network interface VirtualBox Host-Only Ethernet Adapter
11:07:30.194 [DEBUG] [org.gradle.internal.remote.internal.inet.InetAddresses] Is this a loopback interface? false
11:07:30.198 [DEBUG] [org.gradle.internal.remote.internal.inet.InetAddresses] Is this a multicast interface? true
11:07:30.198 [DEBUG] [org.gradle.internal.remote.internal.inet.InetAddresses] Adding loopback multicast interface VirtualBox Host-Only Ethernet Adapter
11:07:30.198 [DEBUG] [org.gradle.internal.remote.internal.inet.InetAddresses] Adding IP addresses for network interface WAN Miniport (SSTP)
11:07:30.201 [DEBUG] [org.gradle.internal.remote.internal.inet.InetAddresses] Is this a loopback interface? false
11:07:30.204 [DEBUG] [org.gradle.internal.remote.internal.inet.InetAddresses] Is this a multicast interface? true
11:07:30.204 [DEBUG] [org.gradle.internal.remote.internal.inet.InetAddresses] Adding loopback multicast interface WAN Miniport (SSTP)
11:07:30.204 [DEBUG] [org.gradle.internal.remote.internal.inet.InetAddresses] Adding IP addresses for network interface Microsoft Kernel Debug Network Adapter
11:07:30.207 [DEBUG] [org.gradle.internal.remote.internal.inet.InetAddresses] Is this a loopback interface? false
11:07:30.210 [DEBUG] [org.gradle.internal.remote.internal.inet.InetAddresses] Is this a multicast interface? true
11:07:30.210 [DEBUG] [org.gradle.internal.remote.internal.inet.InetAddresses] Adding loopback multicast interface Microsoft Kernel Debug Network Adapter
11:07:30.210 [DEBUG] [org.gradle.internal.remote.internal.inet.InetAddresses] Adding IP addresses for network interface WAN Miniport (PPTP)
11:07:30.213 [DEBUG] [org.gradle.internal.remote.internal.inet.InetAddresses] Is this a loopback interface? false
11:07:30.216 [DEBUG] [org.gradle.internal.remote.internal.inet.InetAddresses] Is this a multicast interface? true
11:07:30.216 [DEBUG] [org.gradle.internal.remote.internal.inet.InetAddresses] Adding loopback multicast interface WAN Miniport (PPTP)
11:07:30.216 [DEBUG] [org.gradle.internal.remote.internal.inet.InetAddresses] Adding IP addresses for network interface Microsoft Teredo Tunneling Adapter
11:07:30.219 [DEBUG] [org.gradle.internal.remote.internal.inet.InetAddresses] Is this a loopback interface? false
11:07:30.222 [DEBUG] [org.gradle.internal.remote.internal.inet.InetAddresses] Is this a multicast interface? true
11:07:30.223 [DEBUG] [org.gradle.internal.remote.internal.inet.InetAddresses] Adding loopback multicast interface Microsoft Teredo Tunneling Adapter
11:07:30.223 [DEBUG] [org.gradle.internal.remote.internal.inet.InetAddresses] Adding IP addresses for network interface Microsoft Wi-Fi Direct Virtual Adapter #3
11:07:30.227 [DEBUG] [org.gradle.internal.remote.internal.inet.InetAddresses] Is this a loopback interface? false
11:07:30.231 [DEBUG] [org.gradle.internal.remote.internal.inet.InetAddresses] Is this a multicast interface? true
11:07:30.231 [DEBUG] [org.gradle.internal.remote.internal.inet.InetAddresses] Adding loopback multicast interface Microsoft Wi-Fi Direct Virtual Adapter #3
11:07:30.231 [DEBUG] [org.gradle.internal.remote.internal.inet.InetAddresses] Adding IP addresses for network interface WAN Miniport (IPv6)
11:07:30.235 [DEBUG] [org.gradle.internal.remote.internal.inet.InetAddresses] Is this a loopback interface? false
11:07:30.238 [DEBUG] [org.gradle.internal.remote.internal.inet.InetAddresses] Is this a multicast interface? true
11:07:30.238 [DEBUG] [org.gradle.internal.remote.internal.inet.InetAddresses] Adding loopback multicast interface WAN Miniport (IPv6)
11:07:30.238 [DEBUG] [org.gradle.internal.remote.internal.inet.InetAddresses] Adding IP addresses for network interface WAN Miniport (PPPOE)
11:07:30.242 [DEBUG] [org.gradle.internal.remote.internal.inet.InetAddresses] Is this a loopback interface? false
11:07:30.245 [DEBUG] [org.gradle.internal.remote.internal.inet.InetAddresses] Is this a multicast interface? true
11:07:30.245 [DEBUG] [org.gradle.internal.remote.internal.inet.InetAddresses] Adding loopback multicast interface WAN Miniport (PPPOE)
11:07:30.245 [DEBUG] [org.gradle.internal.remote.internal.inet.InetAddresses] Adding IP addresses for network interface Realtek PCIe GbE Family Controller
11:07:30.249 [DEBUG] [org.gradle.internal.remote.internal.inet.InetAddresses] Is this a loopback interface? false
11:07:30.252 [DEBUG] [org.gradle.internal.remote.internal.inet.InetAddresses] Is this a multicast interface? true
11:07:30.252 [DEBUG] [org.gradle.internal.remote.internal.inet.InetAddresses] Adding remote address /192.168.3.58
11:07:30.252 [DEBUG] [org.gradle.internal.remote.internal.inet.InetAddresses] Adding remote address /fe80:0:0:0:2c13:4c65:7892:3bf5%eth8
11:07:30.252 [DEBUG] [org.gradle.internal.remote.internal.inet.InetAddresses] Adding remote multicast interface Realtek PCIe GbE Family Controller
11:07:30.252 [DEBUG] [org.gradle.internal.remote.internal.inet.InetAddresses] Adding IP addresses for network interface Realtek PCIe GbE Family Controller-WFP Native MAC Layer LightWeight Filter-0000
11:07:30.255 [DEBUG] [org.gradle.internal.remote.internal.inet.InetAddresses] Is this a loopback interface? false
11:07:30.259 [DEBUG] [org.gradle.internal.remote.internal.inet.InetAddresses] Is this a multicast interface? true
11:07:30.259 [DEBUG] [org.gradle.internal.remote.internal.inet.InetAddresses] Adding loopback multicast interface Realtek PCIe GbE Family Controller-WFP Native MAC Layer LightWeight Filter-0000
11:07:30.259 [DEBUG] [org.gradle.internal.remote.internal.inet.InetAddresses] Adding IP addresses for network interface Realtek PCIe GbE Family Controller-VirtualBox NDIS Light-Weight Filter-0000
11:07:30.263 [DEBUG] [org.gradle.internal.remote.internal.inet.InetAddresses] Is this a loopback interface? false
11:07:30.266 [DEBUG] [org.gradle.internal.remote.internal.inet.InetAddresses] Is this a multicast interface? true
11:07:30.267 [DEBUG] [org.gradle.internal.remote.internal.inet.InetAddresses] Adding loopback multicast interface Realtek PCIe GbE Family Controller-VirtualBox NDIS Light-Weight Filter-0000
11:07:30.267 [DEBUG] [org.gradle.internal.remote.internal.inet.InetAddresses] Adding IP addresses for network interface Realtek PCIe GbE Family Controller-QoS Packet Scheduler-0000
11:07:30.270 [DEBUG] [org.gradle.internal.remote.internal.inet.InetAddresses] Is this a loopback interface? false
11:07:30.273 [DEBUG] [org.gradle.internal.remote.internal.inet.InetAddresses] Is this a multicast interface? true
11:07:30.273 [DEBUG] [org.gradle.internal.remote.internal.inet.InetAddresses] Adding loopback multicast interface Realtek PCIe GbE Family Controller-QoS Packet Scheduler-0000
11:07:30.273 [DEBUG] [org.gradle.internal.remote.internal.inet.InetAddresses] Adding IP addresses for network interface Realtek PCIe GbE Family Controller-WFP 802.3 MAC Layer LightWeight Filter-0000
11:07:30.277 [DEBUG] [org.gradle.internal.remote.internal.inet.InetAddresses] Is this a loopback interface? false
11:07:30.280 [DEBUG] [org.gradle.internal.remote.internal.inet.InetAddresses] Is this a multicast interface? true
11:07:30.280 [DEBUG] [org.gradle.internal.remote.internal.inet.InetAddresses] Adding loopback multicast interface Realtek PCIe GbE Family Controller-WFP 802.3 MAC Layer LightWeight Filter-0000
11:07:30.280 [DEBUG] [org.gradle.internal.remote.internal.inet.InetAddresses] Adding IP addresses for network interface Qualcomm Atheros QCA9377 Wireless Network Adapter-WFP Native MAC Layer LightWeight Filter-0000
11:07:30.283 [DEBUG] [org.gradle.internal.remote.internal.inet.InetAddresses] Is this a loopback interface? false
11:07:30.286 [DEBUG] [org.gradle.internal.remote.internal.inet.InetAddresses] Is this a multicast interface? true
11:07:30.286 [DEBUG] [org.gradle.internal.remote.internal.inet.InetAddresses] Adding loopback multicast interface Qualcomm Atheros QCA9377 Wireless Network Adapter-WFP Native MAC Layer LightWeight Filter-0000
11:07:30.286 [DEBUG] [org.gradle.internal.remote.internal.inet.InetAddresses] Adding IP addresses for network interface Qualcomm Atheros QCA9377 Wireless Network Adapter-Virtual WiFi Filter Driver-0000
11:07:30.291 [DEBUG] [org.gradle.internal.remote.internal.inet.InetAddresses] Is this a loopback interface? false
11:07:30.294 [DEBUG] [org.gradle.internal.remote.internal.inet.InetAddresses] Is this a multicast interface? true
11:07:30.294 [DEBUG] [org.gradle.internal.remote.internal.inet.InetAddresses] Adding loopback multicast interface Qualcomm Atheros QCA9377 Wireless Network Adapter-Virtual WiFi Filter Driver-0000
11:07:30.295 [DEBUG] [org.gradle.internal.remote.internal.inet.InetAddresses] Adding IP addresses for network interface Qualcomm Atheros QCA9377 Wireless Network Adapter-Native WiFi Filter Driver-0000
11:07:30.298 [DEBUG] [org.gradle.internal.remote.internal.inet.InetAddresses] Is this a loopback interface? false
11:07:30.302 [DEBUG] [org.gradle.internal.remote.internal.inet.InetAddresses] Is this a multicast interface? true
11:07:30.302 [DEBUG] [org.gradle.internal.remote.internal.inet.InetAddresses] Adding loopback multicast interface Qualcomm Atheros QCA9377 Wireless Network Adapter-Native WiFi Filter Driver-0000
11:07:30.303 [DEBUG] [org.gradle.internal.remote.internal.inet.InetAddresses] Adding IP addresses for network interface Qualcomm Atheros QCA9377 Wireless Network Adapter-VirtualBox NDIS Light-Weight Filter-0000
11:07:30.306 [DEBUG] [org.gradle.internal.remote.internal.inet.InetAddresses] Is this a loopback interface? false
11:07:30.310 [DEBUG] [org.gradle.internal.remote.internal.inet.InetAddresses] Is this a multicast interface? true
11:07:30.311 [DEBUG] [org.gradle.internal.remote.internal.inet.InetAddresses] Adding loopback multicast interface Qualcomm Atheros QCA9377 Wireless Network Adapter-VirtualBox NDIS Light-Weight Filter-0000
11:07:30.311 [DEBUG] [org.gradle.internal.remote.internal.inet.InetAddresses] Adding IP addresses for network interface Qualcomm Atheros QCA9377 Wireless Network Adapter-QoS Packet Scheduler-0000
11:07:30.315 [DEBUG] [org.gradle.internal.remote.internal.inet.InetAddresses] Is this a loopback interface? false
11:07:30.318 [DEBUG] [org.gradle.internal.remote.internal.inet.InetAddresses] Is this a multicast interface? true
11:07:30.318 [DEBUG] [org.gradle.internal.remote.internal.inet.InetAddresses] Adding loopback multicast interface Qualcomm Atheros QCA9377 Wireless Network Adapter-QoS Packet Scheduler-0000
11:07:30.318 [DEBUG] [org.gradle.internal.remote.internal.inet.InetAddresses] Adding IP addresses for network interface Qualcomm Atheros QCA9377 Wireless Network Adapter-WFP 802.3 MAC Layer LightWeight Filter-0000
11:07:30.321 [DEBUG] [org.gradle.internal.remote.internal.inet.InetAddresses] Is this a loopback interface? false
11:07:30.324 [DEBUG] [org.gradle.internal.remote.internal.inet.InetAddresses] Is this a multicast interface? true
11:07:30.324 [DEBUG] [org.gradle.internal.remote.internal.inet.InetAddresses] Adding loopback multicast interface Qualcomm Atheros QCA9377 Wireless Network Adapter-WFP 802.3 MAC Layer LightWeight Filter-0000
11:07:30.325 [DEBUG] [org.gradle.internal.remote.internal.inet.InetAddresses] Adding IP addresses for network interface Microsoft Wi-Fi Direct Virtual Adapter-WFP Native MAC Layer LightWeight Filter-0000
11:07:30.328 [DEBUG] [org.gradle.internal.remote.internal.inet.InetAddresses] Is this a loopback interface? false
11:07:30.330 [DEBUG] [org.gradle.internal.remote.internal.inet.InetAddresses] Is this a multicast interface? true
11:07:30.331 [DEBUG] [org.gradle.internal.remote.internal.inet.InetAddresses] Adding loopback multicast interface Microsoft Wi-Fi Direct Virtual Adapter-WFP Native MAC Layer LightWeight Filter-0000
11:07:30.331 [DEBUG] [org.gradle.internal.remote.internal.inet.InetAddresses] Adding IP addresses for network interface Microsoft Wi-Fi Direct Virtual Adapter-Native WiFi Filter Driver-0000
11:07:30.333 [DEBUG] [org.gradle.internal.remote.internal.inet.InetAddresses] Is this a loopback interface? false
11:07:30.337 [DEBUG] [org.gradle.internal.remote.internal.inet.InetAddresses] Is this a multicast interface? true
11:07:30.337 [DEBUG] [org.gradle.internal.remote.internal.inet.InetAddresses] Adding loopback multicast interface Microsoft Wi-Fi Direct Virtual Adapter-Native WiFi Filter Driver-0000
11:07:30.337 [DEBUG] [org.gradle.internal.remote.internal.inet.InetAddresses] Adding IP addresses for network interface WAN Miniport (IP)-WFP Native MAC Layer LightWeight Filter-0000
11:07:30.341 [DEBUG] [org.gradle.internal.remote.internal.inet.InetAddresses] Is this a loopback interface? false
11:07:30.345 [DEBUG] [org.gradle.internal.remote.internal.inet.InetAddresses] Is this a multicast interface? true
11:07:30.345 [DEBUG] [org.gradle.internal.remote.internal.inet.InetAddresses] Adding loopback multicast interface WAN Miniport (IP)-WFP Native MAC Layer LightWeight Filter-0000
11:07:30.345 [DEBUG] [org.gradle.internal.remote.internal.inet.InetAddresses] Adding IP addresses for network interface WAN Miniport (IP)-QoS Packet Scheduler-0000
11:07:30.349 [DEBUG] [org.gradle.internal.remote.internal.inet.InetAddresses] Is this a loopback interface? false
11:07:30.353 [DEBUG] [org.gradle.internal.remote.internal.inet.InetAddresses] Is this a multicast interface? true
11:07:30.353 [DEBUG] [org.gradle.internal.remote.internal.inet.InetAddresses] Adding loopback multicast interface WAN Miniport (IP)-QoS Packet Scheduler-0000
11:07:30.353 [DEBUG] [org.gradle.internal.remote.internal.inet.InetAddresses] Adding IP addresses for network interface WAN Miniport (IPv6)-WFP Native MAC Layer LightWeight Filter-0000
11:07:30.355 [DEBUG] [org.gradle.internal.remote.internal.inet.InetAddresses] Is this a loopback interface? false
11:07:30.359 [DEBUG] [org.gradle.internal.remote.internal.inet.InetAddresses] Is this a multicast interface? true
11:07:30.359 [DEBUG] [org.gradle.internal.remote.internal.inet.InetAddresses] Adding loopback multicast interface WAN Miniport (IPv6)-WFP Native MAC Layer LightWeight Filter-0000
11:07:30.359 [DEBUG] [org.gradle.internal.remote.internal.inet.InetAddresses] Adding IP addresses for network interface WAN Miniport (IPv6)-QoS Packet Scheduler-0000
11:07:30.362 [DEBUG] [org.gradle.internal.remote.internal.inet.InetAddresses] Is this a loopback interface? false
11:07:30.365 [DEBUG] [org.gradle.internal.remote.internal.inet.InetAddresses] Is this a multicast interface? true
11:07:30.365 [DEBUG] [org.gradle.internal.remote.internal.inet.InetAddresses] Adding loopback multicast interface WAN Miniport (IPv6)-QoS Packet Scheduler-0000
11:07:30.365 [DEBUG] [org.gradle.internal.remote.internal.inet.InetAddresses] Adding IP addresses for network interface WAN Miniport (Network Monitor)-WFP Native MAC Layer LightWeight Filter-0000
11:07:30.368 [DEBUG] [org.gradle.internal.remote.internal.inet.InetAddresses] Is this a loopback interface? false
11:07:30.372 [DEBUG] [org.gradle.internal.remote.internal.inet.InetAddresses] Is this a multicast interface? true
11:07:30.372 [DEBUG] [org.gradle.internal.remote.internal.inet.InetAddresses] Adding loopback multicast interface WAN Miniport (Network Monitor)-WFP Native MAC Layer LightWeight Filter-0000
11:07:30.372 [DEBUG] [org.gradle.internal.remote.internal.inet.InetAddresses] Adding IP addresses for network interface WAN Miniport (Network Monitor)-QoS Packet Scheduler-0000
11:07:30.375 [DEBUG] [org.gradle.internal.remote.internal.inet.InetAddresses] Is this a loopback interface? false
11:07:30.378 [DEBUG] [org.gradle.internal.remote.internal.inet.InetAddresses] Is this a multicast interface? true
11:07:30.378 [DEBUG] [org.gradle.internal.remote.internal.inet.InetAddresses] Adding loopback multicast interface WAN Miniport (Network Monitor)-QoS Packet Scheduler-0000
11:07:30.378 [DEBUG] [org.gradle.internal.remote.internal.inet.InetAddresses] Adding IP addresses for network interface Microsoft Wi-Fi Direct Virtual Adapter-VirtualBox NDIS Light-Weight Filter-0000
11:07:30.381 [DEBUG] [org.gradle.internal.remote.internal.inet.InetAddresses] Is this a loopback interface? false
11:07:30.385 [DEBUG] [org.gradle.internal.remote.internal.inet.InetAddresses] Is this a multicast interface? true
11:07:30.385 [DEBUG] [org.gradle.internal.remote.internal.inet.InetAddresses] Adding loopback multicast interface Microsoft Wi-Fi Direct Virtual Adapter-VirtualBox NDIS Light-Weight Filter-0000
11:07:30.385 [DEBUG] [org.gradle.internal.remote.internal.inet.InetAddresses] Adding IP addresses for network interface Microsoft Wi-Fi Direct Virtual Adapter-QoS Packet Scheduler-0000
11:07:30.389 [DEBUG] [org.gradle.internal.remote.internal.inet.InetAddresses] Is this a loopback interface? false
11:07:30.392 [DEBUG] [org.gradle.internal.remote.internal.inet.InetAddresses] Is this a multicast interface? true
11:07:30.392 [DEBUG] [org.gradle.internal.remote.internal.inet.InetAddresses] Adding loopback multicast interface Microsoft Wi-Fi Direct Virtual Adapter-QoS Packet Scheduler-0000
11:07:30.392 [DEBUG] [org.gradle.internal.remote.internal.inet.InetAddresses] Adding IP addresses for network interface Microsoft Wi-Fi Direct Virtual Adapter-WFP 802.3 MAC Layer LightWeight Filter-0000
11:07:30.395 [DEBUG] [org.gradle.internal.remote.internal.inet.InetAddresses] Is this a loopback interface? false
11:07:30.399 [DEBUG] [org.gradle.internal.remote.internal.inet.InetAddresses] Is this a multicast interface? true
11:07:30.399 [DEBUG] [org.gradle.internal.remote.internal.inet.InetAddresses] Adding loopback multicast interface Microsoft Wi-Fi Direct Virtual Adapter-WFP 802.3 MAC Layer LightWeight Filter-0000
11:07:30.399 [DEBUG] [org.gradle.internal.remote.internal.inet.InetAddresses] Adding IP addresses for network interface Microsoft Wi-Fi Direct Virtual Adapter #2-WFP Native MAC Layer LightWeight Filter-0000
11:07:30.402 [DEBUG] [org.gradle.internal.remote.internal.inet.InetAddresses] Is this a loopback interface? false
11:07:30.405 [DEBUG] [org.gradle.internal.remote.internal.inet.InetAddresses] Is this a multicast interface? true
11:07:30.405 [DEBUG] [org.gradle.internal.remote.internal.inet.InetAddresses] Adding loopback multicast interface Microsoft Wi-Fi Direct Virtual Adapter #2-WFP Native MAC Layer LightWeight Filter-0000
11:07:30.405 [DEBUG] [org.gradle.internal.remote.internal.inet.InetAddresses] Adding IP addresses for network interface Microsoft Wi-Fi Direct Virtual Adapter #2-Native WiFi Filter Driver-0000
11:07:30.408 [DEBUG] [org.gradle.internal.remote.internal.inet.InetAddresses] Is this a loopback interface? false
11:07:30.411 [DEBUG] [org.gradle.internal.remote.internal.inet.InetAddresses] Is this a multicast interface? true
11:07:30.411 [DEBUG] [org.gradle.internal.remote.internal.inet.InetAddresses] Adding loopback multicast interface Microsoft Wi-Fi Direct Virtual Adapter #2-Native WiFi Filter Driver-0000
11:07:30.411 [DEBUG] [org.gradle.internal.remote.internal.inet.InetAddresses] Adding IP addresses for network interface Microsoft Wi-Fi Direct Virtual Adapter #2-VirtualBox NDIS Light-Weight Filter-0000
11:07:30.413 [DEBUG] [org.gradle.internal.remote.internal.inet.InetAddresses] Is this a loopback interface? false
11:07:30.416 [DEBUG] [org.gradle.internal.remote.internal.inet.InetAddresses] Is this a multicast interface? true
11:07:30.416 [DEBUG] [org.gradle.internal.remote.internal.inet.InetAddresses] Adding loopback multicast interface Microsoft Wi-Fi Direct Virtual Adapter #2-VirtualBox NDIS Light-Weight Filter-0000
11:07:30.416 [DEBUG] [org.gradle.internal.remote.internal.inet.InetAddresses] Adding IP addresses for network interface Microsoft Wi-Fi Direct Virtual Adapter #2-QoS Packet Scheduler-0000
11:07:30.420 [DEBUG] [org.gradle.internal.remote.internal.inet.InetAddresses] Is this a loopback interface? false
11:07:30.423 [DEBUG] [org.gradle.internal.remote.internal.inet.InetAddresses] Is this a multicast interface? true
11:07:30.424 [DEBUG] [org.gradle.internal.remote.internal.inet.InetAddresses] Adding loopback multicast interface Microsoft Wi-Fi Direct Virtual Adapter #2-QoS Packet Scheduler-0000
11:07:30.424 [DEBUG] [org.gradle.internal.remote.internal.inet.InetAddresses] Adding IP addresses for network interface Microsoft Wi-Fi Direct Virtual Adapter #2-WFP 802.3 MAC Layer LightWeight Filter-0000
11:07:30.428 [DEBUG] [org.gradle.internal.remote.internal.inet.InetAddresses] Is this a loopback interface? false
11:07:30.432 [DEBUG] [org.gradle.internal.remote.internal.inet.InetAddresses] Is this a multicast interface? true
11:07:30.432 [DEBUG] [org.gradle.internal.remote.internal.inet.InetAddresses] Adding loopback multicast interface Microsoft Wi-Fi Direct Virtual Adapter #2-WFP 802.3 MAC Layer LightWeight Filter-0000
11:07:30.435 [DEBUG] [org.gradle.internal.remote.internal.inet.TcpIncomingConnector] Listening on [264bef84-d4da-4243-a17a-8ae4b2a2e73a port:53296, addresses:[/127.0.0.1, /0:0:0:0:0:0:0:1]].
11:07:30.442 [DEBUG] [org.gradle.launcher.daemon.server.Daemon] Daemon starting at: Tue Nov 19 11:07:30 CST 2019, with address: [264bef84-d4da-4243-a17a-8ae4b2a2e73a port:53296, addresses:[/127.0.0.1, /0:0:0:0:0:0:0:1]]
11:07:30.443 [INFO] [org.gradle.launcher.daemon.server.DaemonRegistryUpdater] Advertising the daemon address to the clients: [264bef84-d4da-4243-a17a-8ae4b2a2e73a port:53296, addresses:[/127.0.0.1, /0:0:0:0:0:0:0:1]]
11:07:30.443 [DEBUG] [org.gradle.launcher.daemon.server.DaemonRegistryUpdater] Advertised daemon context: DefaultDaemonContext[uid=f396f02f-acac-4721-a7e7-4630a7fe9f2e,javaHome=C:\Program Files\Java\jdk1.8.0_172,daemonRegistryDir=D:\android\android.git\.gradle\4.10.3\daemon,pid=47840,idleTimeout=10800000,daemonOpts=-XX:+HeapDumpOnOutOfMemoryError,-agentlib:jdwp=transport=dt_socket,server=n,suspend=y,address=53281,-Xmx1024m,-Dfile.encoding=GBK,-Duser.country=CN,-Duser.language=zh,-Duser.variant]
11:07:30.447 [DEBUG] [org.gradle.launcher.daemon.registry.PersistentDaemonRegistry] Storing daemon address: [264bef84-d4da-4243-a17a-8ae4b2a2e73a port:53296, addresses:[/127.0.0.1, /0:0:0:0:0:0:0:1]], context: DefaultDaemonContext[uid=f396f02f-acac-4721-a7e7-4630a7fe9f2e,javaHome=C:\Program Files\Java\jdk1.8.0_172,daemonRegistryDir=D:\android\android.git\.gradle\4.10.3\daemon,pid=47840,idleTimeout=10800000,daemonOpts=-XX:+HeapDumpOnOutOfMemoryError,-agentlib:jdwp=transport=dt_socket,server=n,suspend=y,address=53281,-Xmx1024m,-Dfile.encoding=GBK,-Duser.country=CN,-Duser.language=zh,-Duser.variant]
11:07:30.463 [DEBUG] [org.gradle.cache.internal.DefaultFileLockManager] Waiting to acquire exclusive lock on daemon addresses registry.
11:07:30.469 [DEBUG] [org.gradle.cache.internal.DefaultFileLockManager] Lock acquired on daemon addresses registry.
11:07:30.484 [DEBUG] [org.gradle.cache.internal.DefaultFileLockManager] Releasing lock on daemon addresses registry.
11:07:30.490 [LIFECYCLE] [org.gradle.launcher.daemon.server.Daemon] Daemon server started.
11:07:30.493 [DEBUG] [org.gradle.launcher.daemon.bootstrap.DaemonStartupCommunication] Completed writing the daemon greeting. Closing streams...
11:07:30.505 [DEBUG] [org.gradle.launcher.daemon.server.Daemon] stopOnExpiration() called on daemon
11:07:30.509 [DEBUG] [org.gradle.internal.remote.internal.inet.TcpIncomingConnector] Accepted connection from /127.0.0.1:53297 to /127.0.0.1:53296.
11:07:30.511 [DEBUG] [org.gradle.launcher.daemon.server.Daemon] awaitExpiration() called on daemon
11:07:30.513 [DEBUG] [org.gradle.launcher.daemon.server.DaemonStateCoordinator] daemon is running. Sleeping until state changes.
11:07:30.599 [DEBUG] [org.gradle.launcher.daemon.server.SynchronizedDispatchConnection] thread 19: received class org.gradle.launcher.daemon.protocol.Build
11:07:30.599 [DEBUG] [org.gradle.launcher.daemon.server.DefaultDaemonConnection] thread 19: Received non-IO message from client: Build{id=c42c96f3-ea7a-4b16-bd8e-7e0e6c20d0e7, currentDir=D:\android\android.git\android}
11:07:30.599 [INFO] [org.gradle.launcher.daemon.server.DefaultIncomingConnectionHandler] Received command: Build{id=c42c96f3-ea7a-4b16-bd8e-7e0e6c20d0e7, currentDir=D:\android\android.git\android}.
11:07:30.599 [DEBUG] [org.gradle.launcher.daemon.server.DefaultIncomingConnectionHandler] Starting executing command: Build{id=c42c96f3-ea7a-4b16-bd8e-7e0e6c20d0e7, currentDir=D:\android\android.git\android} with connection: socket connection from /127.0.0.1:53296 to /127.0.0.1:53297.
11:07:30.605 [ERROR] [org.gradle.launcher.daemon.server.DaemonStateCoordinator] Command execution: started DaemonCommandExecution[command = Build{id=c42c96f3-ea7a-4b16-bd8e-7e0e6c20d0e7, currentDir=D:\android\android.git\android}, connection = DefaultDaemonConnection: socket connection from /127.0.0.1:53296 to /127.0.0.1:53297] after 0.0 minutes of idle
11:07:30.605 [INFO] [org.gradle.launcher.daemon.server.DaemonRegistryUpdater] Marking the daemon as busy, address: [264bef84-d4da-4243-a17a-8ae4b2a2e73a port:53296, addresses:[/127.0.0.1, /0:0:0:0:0:0:0:1]]
11:07:30.605 [DEBUG] [org.gradle.launcher.daemon.registry.PersistentDaemonRegistry] Marking busy by address: [264bef84-d4da-4243-a17a-8ae4b2a2e73a port:53296, addresses:[/127.0.0.1, /0:0:0:0:0:0:0:1]]
11:07:30.606 [DEBUG] [org.gradle.cache.internal.DefaultFileLockManager] Waiting to acquire exclusive lock on daemon addresses registry.
11:07:30.606 [DEBUG] [org.gradle.cache.internal.DefaultFileLockManager] Lock acquired on daemon addresses registry.
11:07:30.609 [DEBUG] [org.gradle.cache.internal.DefaultFileLockManager] Releasing lock on daemon addresses registry.
11:07:30.614 [DEBUG] [org.gradle.launcher.daemon.server.DaemonStateCoordinator] resetting idle timer
11:07:30.614 [DEBUG] [org.gradle.launcher.daemon.server.DaemonStateCoordinator] daemon is running. Sleeping until state changes.
11:07:30.615 [INFO] [org.gradle.launcher.daemon.server.exec.StartBuildOrRespondWithBusy] Daemon is about to start building Build{id=c42c96f3-ea7a-4b16-bd8e-7e0e6c20d0e7, currentDir=D:\android\android.git\android}. Dispatching build started information...
11:07:30.615 [DEBUG] [org.gradle.launcher.daemon.server.SynchronizedDispatchConnection] thread 21: dispatching class org.gradle.launcher.daemon.protocol.BuildStarted
11:07:30.617 [DEBUG] [org.gradle.launcher.daemon.server.exec.EstablishBuildEnvironment] Configuring env variables: {USERDOMAIN_ROAMINGPROFILE=ZLZ, PROCESSOR_LEVEL=6, SESSIONNAME=Console, ALLUSERSPROFILE=C:\ProgramData, PROCESSOR_ARCHITECTURE=AMD64, PSModulePath=C:\Program Files\WindowsPowerShell\Modules;C:\WINDOWS\system32\WindowsPowerShell\v1.0\Modules;F:\kaifaruanjian\SVN\SVN\PowerShellModules, SystemDrive=C:, MAVEN_HOME=F:\kaifaruanjian\maven-3.5.4\maven\apache-maven-3.5.4, USERNAME=ZLZ, ProgramFiles(x86)=C:\Program Files (x86), VISUALSVN_SERVER=F:\kaifaruanjian\SVN\SVN\, FPS_BROWSER_USER_PROFILE_STRING=Default, PATHEXT=.COM;.EXE;.BAT;.CMD;.VBS;.VBE;.JS;.JSE;.WSF;.WSH;.MSC, DriverData=C:\Windows\System32\Drivers\DriverData, ProgramData=C:\ProgramData, iHyperDB=F:\kaifaruanjian\iHyperDB\iHyperDB2.4.5_BUILD_20160303\iHyperDB, ProgramW6432=C:\Program Files, HOMEPATH=\Users\ZLZ, PROCESSOR_IDENTIFIER=Intel64 Family 6 Model 142 Stepping 9, GenuineIntel, ProgramFiles=C:\Program Files, PUBLIC=C:\Users\Public, windir=C:\WINDOWS, =::=::\, LOCALAPPDATA=C:\Users\ZLZ\AppData\Local, USERDOMAIN=ZLZ, FPS_BROWSER_APP_PROFILE_STRING=Internet Explorer, LOGONSERVER=\\ZLZ, JAVA_HOME=C:\Program Files\Java\jdk1.8.0_172, GRADLE_HOME=F:\kaifaruanjian\Gradle\gradle-4.10, OneDrive=C:\Users\ZLZ\OneDrive, APPDATA=C:\Users\ZLZ\AppData\Roaming, PI_RDSA_LIB=C:\Program Files (x86)\PIPC\JDBC\RDSAWrapper.dll, VBOX_MSI_INSTALL_PATH=F:\kaifaruanjian\VirtualBox\VirtualBox\, CommonProgramFiles=C:\Program Files\Common Files, Path=F:\kaifaruanjian\Xshell\xshell6\Xshell\;C:\Program Files (x86)\Common Files\Oracle\Java\javapath;G:\app\ZLZ\product\11.2.0\dbhome_1\bin;C:\Program Files\Java\jdk1.8.0_172\bin;C:\Program Files\Java\jdk1.8.0_172\jre\bin;C:\Program Files\dotnet\;C:\Program Files\Microsoft SQL Server\130\Tools\Binn\;C:\Program Files (x86)\MySQL\MySQL Fabric 1.5 & MySQL Utilities 1.5\;C:\Program Files (x86)\MySQL\MySQL Fabric 1.5 & MySQL Utilities 1.5\Doctrine extensions for PHP\;C:\Program Files (x86)\Microsoft SQL Server\100\Tools\Binn\;C:\Program Files\Microsoft SQL Server\100\Tools\Binn\;C:\Program Files\Microsoft SQL Server\100\DTS\Binn\;F:\kaifaruanjian\SVN\SVN\bin;c:\windows\system32;C:\Program Files (x86)\NVIDIA Corporation\PhysX\Common;F:\kaifaruanjian\Gradle\gradle-4.10\bin;F:\kaifaruanjian\Visual Studio Code\path\Microsoft VS Code\bin;F:\kaifaruanjian\SVN\SVN-Client\bin;C:\Program Files (x86)\PIPC\JDBC;C:\Program Files\PIPC\JDBC;F:\kaifaruanjian\nodejs\nodejs\;C:\WINDOWS\system32;C:\WINDOWS;C:\WINDOWS\System32\Wbem;C:\WINDOWS\System32\WindowsPowerShell\v1.0\;C:\WINDOWS\System32\OpenSSH\;F:\kaifaruanjian\Git\Git\Git\cmd;C:\Users\ZLZ\AppData\Local\Microsoft\WindowsApps;F:\kaifaruanjian\Java\IntelliJ IDEA\idealU-2017\IntelliJ IDEA 2017.3.5\plugins\maven\lib\maven3\bin;F:\kaifaruanjian\maven-3.5.4\maven\apache-maven-3.5.4\bin;F:\kaifaruanjian\Visual Studio Code\path\Microsoft VS Code\bin;C:\Users\ZLZ\AppData\Roaming\npm;F:\kaifaruanjian\nodejs\nodejs\;C:\Users\ZLZ\AppData\Local\BypassRuntm;%USERPROFILE%\AppData\Local\Microsoft\WindowsApps;, OS=Windows_NT, COMPUTERNAME=ZLZ, PROCESSOR_REVISION=8e09, CLASSPATH=.;C:\Program Files\Java\jdk1.8.0_172\lib\dt.jar;C:\Program Files\Java\jdk1.8.0_172\lib\tools.jar;C:\Program Files (x86)\PIPC\JDBC\PIJDBCDriver.jar;.;C:\Program Files\PIPC\JDBC\PIJDBCDriver.jar;, CommonProgramW6432=C:\Program Files\Common Files, ComSpec=C:\WINDOWS\system32\cmd.exe, TEMP=C:\Users\ZLZ\AppData\Local\Temp, SystemRoot=C:\WINDOWS, USERPROFILE=C:\Users\ZLZ, HOMEDRIVE=C:, TMP=C:\Users\ZLZ\AppData\Local\Temp, CommonProgramFiles(x86)=C:\Program Files (x86)\Common Files, PI_RDSA_LIB64=C:\Program Files\PIPC\JDBC\RDSAWrapper64.dll, NUMBER_OF_PROCESSORS=4}
11:07:30.633 [DEBUG] [org.gradle.launcher.daemon.server.exec.LogToClient] About to start relaying all logs to the client via the connection.
11:07:30.633 [INFO] [org.gradle.launcher.daemon.server.exec.LogToClient] The client will now receive all logging from the daemon (pid: 47840). The daemon log file: D:\android\android.git\.gradle\4.10.3\daemon\4.10.3\daemon-47840.out.log
11:07:30.637 [INFO] [org.gradle.launcher.daemon.server.exec.LogAndCheckHealth] Starting build in new daemon [memory: 954.7 MB]
11:07:30.647 [DEBUG] [org.gradle.launcher.daemon.server.exec.ExecuteBuild] The daemon has started executing the build.
11:07:30.648 [DEBUG] [org.gradle.launcher.daemon.server.exec.ExecuteBuild] Executing build with daemon context: DefaultDaemonContext[uid=f396f02f-acac-4721-a7e7-4630a7fe9f2e,javaHome=C:\Program Files\Java\jdk1.8.0_172,daemonRegistryDir=D:\android\android.git\.gradle\4.10.3\daemon,pid=47840,idleTimeout=10800000,daemonOpts=-XX:+HeapDumpOnOutOfMemoryError,-agentlib:jdwp=transport=dt_socket,server=n,suspend=y,address=53281,-Xmx1024m,-Dfile.encoding=GBK,-Duser.country=CN,-Duser.language=zh,-Duser.variant]

FAILURE: Build failed with an exception.

* Where:
Build file 'D:\android\android.git\android\build.gradle' line: 1

* What went wrong:
A problem occurred evaluating project ':android'.
> Failed to apply plugin [id 'com.android.application']
   > Gradle version 2.2 is required. Current version is 4.10.3. If using the gradle wrapper, try editing the distributionUrl in D:\android\android.git\android\gradle\wrapper\gradle-wrapper.properties to gradle-2.2-all.zip

* Try:
Run with --stacktrace option to get the stack trace. Run with --info or --debug option to get more log output. Run with --scan to get full insights.

* Get more help at https://help.gradle.org

BUILD FAILED in 38s
11:08:06.074 [DEBUG] [org.gradle.launcher.daemon.server.exec.ExecuteBuild] The daemon has finished executing the build.
11:08:06.078 [DEBUG] [org.gradle.launcher.daemon.server.DaemonStateCoordinator] daemon is running. Sleeping until state changes.
11:08:06.078 [DEBUG] [org.gradle.launcher.daemon.server.DaemonStateCoordinator] Command execution: finished waiting for DaemonCommandExecution[command = Build{id=c42c96f3-ea7a-4b16-bd8e-7e0e6c20d0e7, currentDir=D:\android\android.git\android}, connection = DefaultDaemonConnection: socket connection from /127.0.0.1:53296 to /127.0.0.1:53297]. Result org.gradle.launcher.daemon.server.DaemonStateCoordinator@17cfae6b with state Busy
11:08:06.079 [DEBUG] [org.gradle.launcher.daemon.server.DaemonStateCoordinator] Command execution: completed DaemonCommandExecution[command = Build{id=c42c96f3-ea7a-4b16-bd8e-7e0e6c20d0e7, currentDir=D:\android\android.git\android}, connection = DefaultDaemonConnection: socket connection from /127.0.0.1:53296 to /127.0.0.1:53297]
11:08:06.079 [DEBUG] [org.gradle.launcher.daemon.server.DaemonStateCoordinator] resetting idle timer
11:08:06.079 [INFO] [org.gradle.launcher.daemon.server.DaemonRegistryUpdater] Marking the daemon as idle, address: [264bef84-d4da-4243-a17a-8ae4b2a2e73a port:53296, addresses:[/127.0.0.1, /0:0:0:0:0:0:0:1]]
11:08:06.079 [DEBUG] [org.gradle.launcher.daemon.registry.PersistentDaemonRegistry] Marking busy by address: [264bef84-d4da-4243-a17a-8ae4b2a2e73a port:53296, addresses:[/127.0.0.1, /0:0:0:0:0:0:0:1]]
11:08:06.080 [DEBUG] [org.gradle.cache.internal.DefaultFileLockManager] Waiting to acquire exclusive lock on daemon addresses registry.
11:08:06.081 [DEBUG] [org.gradle.cache.internal.DefaultFileLockManager] Lock acquired on daemon addresses registry.
11:08:06.087 [DEBUG] [org.gradle.cache.internal.DefaultFileLockManager] Releasing lock on daemon addresses registry.
11:08:06.091 [DEBUG] [org.gradle.launcher.daemon.server.DaemonStateCoordinator] daemon is running. Sleeping until state changes.
11:08:06.091 [DEBUG] [org.gradle.launcher.daemon.server.exec.ReturnResult] Daemon is dispatching the build result: Failure[value=org.gradle.initialization.ReportedException: org.gradle.internal.exceptions.LocationAwareException: Build file 'D:\android\android.git\android\build.gradle' line: 1
A problem occurred evaluating project ':android'.]
11:08:06.092 [DEBUG] [org.gradle.launcher.daemon.server.SynchronizedDispatchConnection] thread 18: dispatching class org.gradle.launcher.daemon.protocol.Failure
11:08:06.133 [DEBUG] [org.gradle.launcher.daemon.server.DefaultIncomingConnectionHandler] Finishing executing command: Build{id=c42c96f3-ea7a-4b16-bd8e-7e0e6c20d0e7, currentDir=D:\android\android.git\android}
11:08:06.168 [DEBUG] [org.gradle.launcher.daemon.server.SynchronizedDispatchConnection] thread 19: received class org.gradle.launcher.daemon.protocol.CloseInput
11:08:06.168 [DEBUG] [org.gradle.launcher.daemon.server.DefaultDaemonConnection] thread 19: Received IO message from client: org.gradle.launcher.daemon.protocol.CloseInput@15302c64
11:08:06.169 [DEBUG] [org.gradle.launcher.daemon.server.SynchronizedDispatchConnection] thread 19: received class org.gradle.launcher.daemon.protocol.Finished
11:08:06.170 [DEBUG] [org.gradle.launcher.daemon.server.DefaultDaemonConnection] thread 19: Received non-IO message from client: org.gradle.launcher.daemon.protocol.Finished@5c3e27a6
11:08:06.170 [DEBUG] [org.gradle.internal.remote.internal.inet.SocketConnection] Discarding EOFException: java.io.EOFException
11:08:06.170 [DEBUG] [org.gradle.launcher.daemon.server.SynchronizedDispatchConnection] thread 19: received null
11:08:06.171 [DEBUG] [org.gradle.launcher.daemon.server.DefaultDaemonConnection] thread 19: Received end-of-input from client.
11:08:06.197 [DEBUG] [org.gradle.launcher.daemon.server.DefaultIncomingConnectionHandler] Received finished message: null
11:08:06.197 [DEBUG] [org.gradle.launcher.daemon.server.SynchronizedDispatchConnection] thread 18: stopping connection
